c:\users\computing\documents\github\physxassignment\physx tutorials - tutorial 3\physx tutorials\tutorial 3\x64\debug\vc140.pdb
c:\users\computing\documents\github\physxassignment\physx tutorials - tutorial 3\physx tutorials\tutorial 3\x64\debug\vc140.idb
c:\users\computing\documents\github\physxassignment\physx tutorials - tutorial 3\physx tutorials\tutorial 3\x64\debug\camera.nativecodeanalysis.xml
c:\users\computing\documents\github\physxassignment\physx tutorials - tutorial 3\physx tutorials\tutorial 3\x64\debug\glfontrenderer.nativecodeanalysis.xml
c:\users\computing\documents\github\physxassignment\physx tutorials - tutorial 3\physx tutorials\tutorial 3\x64\debug\renderer.nativecodeanalysis.xml
c:\users\computing\documents\github\physxassignment\physx tutorials - tutorial 3\physx tutorials\tutorial 3\x64\debug\physicsengine.nativecodeanalysis.xml
c:\users\computing\documents\github\physxassignment\physx tutorials - tutorial 3\physx tutorials\tutorial 3\x64\debug\visualdebugger.nativecodeanalysis.xml
c:\users\computing\documents\github\physxassignment\physx tutorials - tutorial 3\physx tutorials\tutorial 3\x64\debug\tutorial 3.nativecodeanalysis.xml
c:\users\computing\documents\github\physxassignment\physx tutorials - tutorial 3\physx tutorials\tutorial 3\x64\debug\tutorial 3.obj
c:\users\computing\documents\github\physxassignment\physx tutorials - tutorial 3\physx tutorials\tutorial 3\x64\debug\visualdebugger.obj
c:\users\computing\documents\github\physxassignment\physx tutorials - tutorial 3\physx tutorials\tutorial 3\x64\debug\physicsengine.obj
c:\users\computing\documents\github\physxassignment\physx tutorials - tutorial 3\physx tutorials\tutorial 3\x64\debug\renderer.obj
c:\users\computing\documents\github\physxassignment\physx tutorials - tutorial 3\physx tutorials\tutorial 3\x64\debug\glfontrenderer.obj
c:\users\computing\documents\github\physxassignment\physx tutorials - tutorial 3\physx tutorials\tutorial 3\x64\debug\camera.obj
c:\users\computing\documents\github\physxassignment\physx tutorials - tutorial 3\physx tutorials\x64\debug\tutorial 3.ilk
c:\users\computing\documents\github\physxassignment\physx tutorials - tutorial 3\physx tutorials\x64\debug\tutorial 3.exe
c:\users\computing\documents\github\physxassignment\physx tutorials - tutorial 3\physx tutorials\x64\debug\tutorial 3.pdb
c:\users\computing\documents\github\physxassignment\physx tutorials - tutorial 3\physx tutorials\tutorial 3\x64\debug\nativecodeanalysis.read.1.tlog
c:\users\computing\documents\github\physxassignment\physx tutorials - tutorial 3\physx tutorials\tutorial 3\x64\debug\vc.nativecodeanalysis.all.xml
c:\users\computing\documents\github\physxassignment\physx tutorials - tutorial 3\physx tutorials\x64\debug\tutorial 3.exe.lastcodeanalysissucceeded
c:\users\computing\documents\github\physxassignment\physx tutorials - tutorial 3\physx tutorials\tutorial 3\x64\debug\tutorial 3.tlog\cl.command.1.tlog
c:\users\computing\documents\github\physxassignment\physx tutorials - tutorial 3\physx tutorials\tutorial 3\x64\debug\tutorial 3.tlog\cl.read.1.tlog
c:\users\computing\documents\github\physxassignment\physx tutorials - tutorial 3\physx tutorials\tutorial 3\x64\debug\tutorial 3.tlog\cl.write.1.tlog
c:\users\computing\documents\github\physxassignment\physx tutorials - tutorial 3\physx tutorials\tutorial 3\x64\debug\tutorial 3.tlog\link.command.1.tlog
c:\users\computing\documents\github\physxassignment\physx tutorials - tutorial 3\physx tutorials\tutorial 3\x64\debug\tutorial 3.tlog\link.read.1.tlog
c:\users\computing\documents\github\physxassignment\physx tutorials - tutorial 3\physx tutorials\tutorial 3\x64\debug\tutorial 3.tlog\link.write.1.tlog
